INFO 2019-11-09 01:24:32,951 root : Сервер доступний. Час на сервері: 01:24:32 2019-11-09
INFO 2019-11-09 01:24:32,951 root : Запитувана сторінка: : /health/
INFO 2019-11-09 01:24:32,951 root : Інформація про сервер: : {'system': 'Windows', 'hostname': 'ASUS', 'release': '10', 'type': 'AMD64'}
INFO 2019-11-09 01:24:32,951 root : Інформація про користувача: : python-requests/2.22.0
INFO 2019-11-09 01:25:33,989 root : Сервер доступний. Час на сервері: 01:25:33 2019-11-09
INFO 2019-11-09 01:25:33,989 root : Запитувана сторінка: : /health/
INFO 2019-11-09 01:25:33,989 root : Інформація про сервер: : {'system': 'Windows', 'hostname': 'ASUS', 'release': '10', 'type': 'AMD64'}
INFO 2019-11-09 01:25:33,989 root : Інформація про користувача: : python-requests/2.22.0
INFO 2019-11-09 01:26:35,037 root : Сервер доступний. Час на сервері: 01:26:35 2019-11-09
INFO 2019-11-09 01:26:35,037 root : Запитувана сторінка: : /health/
INFO 2019-11-09 01:26:35,037 root : Інформація про сервер: : {'system': 'Windows', 'hostname': 'ASUS', 'release': '10', 'type': 'AMD64'}
INFO 2019-11-09 01:26:35,037 root : Інформація про користувача: : python-requests/2.22.0
INFO 2019-11-09 01:27:42,442 root : Сервер доступний. Час на сервері: 01:27:42 2019-11-09
INFO 2019-11-09 01:27:42,442 root : Запитувана сторінка: : /health/
INFO 2019-11-09 01:27:42,442 root : Інформація про сервер: : {'system': 'Windows', 'hostname': 'ASUS', 'release': '10', 'type': 'AMD64'}
INFO 2019-11-09 01:27:42,442 root : Інформація про користувача: : python-requests/2.22.0
INFO 2019-11-09 01:29:52,283 root : Сервер доступний. Час на сервері: 01:29:52 2019-11-09
INFO 2019-11-09 01:29:52,283 root : Запитувана сторінка: : /health/
INFO 2019-11-09 01:29:52,283 root : Інформація про сервер: : {'system': 'Windows', 'hostname': 'ASUS', 'release': '10', 'type': 'AMD64'}
INFO 2019-11-09 01:29:52,283 root : Інформація про користувача: : python-requests/2.22.0
INFO 2019-11-09 01:30:31,719 root : Сервер доступний. Час на сервері: 01:30:31 2019-11-09
INFO 2019-11-09 01:30:31,734 root : Запитувана сторінка: : /health/
INFO 2019-11-09 01:30:31,734 root : Інформація про сервер: : {'system': 'Windows', 'hostname': 'ASUS', 'release': '10', 'type': 'AMD64'}
INFO 2019-11-09 01:30:31,734 root : Інформація про користувача: : python-requests/2.22.0
ERROR 2019-11-09 01:31:32,852 root : Web сторінка недоступна. Помилка: Expecting value: line 1 column 1 (char 0)
ERROR 2019-11-09 01:32:33,884 root : Web сторінка недоступна. Помилка: Expecting value: line 1 column 1 (char 0)
INFO 2019-11-09 01:33:34,947 root : Сервер доступний. Час на сервері: 01:33:34 2019-11-09
INFO 2019-11-09 01:33:34,947 root : Запитувана сторінка: : /health/
INFO 2019-11-09 01:33:34,947 root : Інформація про сервер: : {'system': 'Windows', 'hostname': 'ASUS', 'release': '10', 'type': 'AMD64'}
INFO 2019-11-09 01:33:34,947 root : Інформація про користувача: : python-requests/2.22.0
INFO 2019-11-09 01:34:36,006 root : Сервер доступний. Час на сервері: 01:34:35 2019-11-09
INFO 2019-11-09 01:34:36,006 root : Запитувана сторінка: : /health/
INFO 2019-11-09 01:34:36,006 root : Інформація про сервер: : {'system': 'Windows', 'hostname': 'ASUS', 'release': '10', 'type': 'AMD64'}
INFO 2019-11-09 01:34:36,006 root : Інформація про користувача: : python-requests/2.22.0
INFO 2019-11-09 01:35:37,053 root : Сервер доступний. Час на сервері: 01:35:37 2019-11-09
INFO 2019-11-09 01:35:37,053 root : Запитувана сторінка: : /health/
INFO 2019-11-09 01:35:37,053 root : Інформація про сервер: : {'system': 'Windows', 'hostname': 'ASUS', 'release': '10', 'type': 'AMD64'}
INFO 2019-11-09 01:35:37,053 root : Інформація про користувача: : python-requests/2.22.0
INFO 2019-11-09 01:36:38,076 root : Сервер доступний. Час на сервері: 01:36:38 2019-11-09
INFO 2019-11-09 01:36:38,076 root : Запитувана сторінка: : /health/
INFO 2019-11-09 01:36:38,076 root : Інформація про сервер: : {'system': 'Windows', 'hostname': 'ASUS', 'release': '10', 'type': 'AMD64'}
INFO 2019-11-09 01:36:38,076 root : Інформація про користувача: : python-requests/2.22.0
INFO 2019-11-09 01:37:39,100 root : Сервер доступний. Час на сервері: 01:37:39 2019-11-09
INFO 2019-11-09 01:37:39,100 root : Запитувана сторінка: : /health/
INFO 2019-11-09 01:37:39,100 root : Інформація про сервер: : {'system': 'Windows', 'hostname': 'ASUS', 'release': '10', 'type': 'AMD64'}
INFO 2019-11-09 01:37:39,100 root : Інформація про користувача: : python-requests/2.22.0
INFO 2019-11-09 01:38:40,130 root : Сервер доступний. Час на сервері: 01:38:40 2019-11-09
INFO 2019-11-09 01:38:40,130 root : Запитувана сторінка: : /health/
INFO 2019-11-09 01:38:40,130 root : Інформація про сервер: : {'system': 'Windows', 'hostname': 'ASUS', 'release': '10', 'type': 'AMD64'}
INFO 2019-11-09 01:38:40,130 root : Інформація про користувача: : python-requests/2.22.0
INFO 2019-11-09 01:39:41,154 root : Сервер доступний. Час на сервері: 01:39:41 2019-11-09
INFO 2019-11-09 01:39:41,154 root : Запитувана сторінка: : /health/
INFO 2019-11-09 01:39:41,154 root : Інформація про сервер: : {'system': 'Windows', 'hostname': 'ASUS', 'release': '10', 'type': 'AMD64'}
INFO 2019-11-09 01:39:41,154 root : Інформація про користувача: : python-requests/2.22.0
